<?xml version="1.0" encoding="UTF-8"?>
<testsuite name="ru.nc.pdtb6.sandbox.EquationTests" tests="6" skipped="0" failures="0" errors="0" timestamp="2019-08-25T13:25:49" hostname="SPBNB-PRC1500" time="0.035">
  <properties/>
  <testcase name="test0" classname="ru.nc.pdtb6.sandbox.EquationTests" time="0.012"/>
  <testcase name="test1" classname="ru.nc.pdtb6.sandbox.EquationTests" time="0.001"/>
  <testcase name="test2" classname="ru.nc.pdtb6.sandbox.EquationTests" time="0.0"/>
  <testcase name="testConstant" classname="ru.nc.pdtb6.sandbox.EquationTests" time="0.0"/>
  <testcase name="testLinear" classname="ru.nc.pdtb6.sandbox.EquationTests" time="0.0"/>
  <testcase name="testZero" classname="ru.nc.pdtb6.sandbox.EquationTests" time="0.0"/>
  <system-out><![CDATA[]]></system-out>
  <system-err><![CDATA[]]></system-err>
</testsuite>
