<?xml version="1.0" encoding="UTF-8"?>
<!-- Generated by org.testng.reporters.JUnitReportReporter -->
<testsuite hostname="SPBNB-PRC1500" name="ru.nc.pdtb6.addressbook.tests.GroupModificationsTests" tests="1" failures="0" timestamp="24 Aug 2019 22:02:12 GMT" time="6.037" errors="0">
  <testcase name="testGroupModification" time="6.037" classname="ru.nc.pdtb6.addressbook.tests.GroupModificationsTests"/>
</testsuite> <!-- ru.nc.pdtb6.addressbook.tests.GroupModificationsTests -->
