<?xml version="1.0" encoding="UTF-8"?>
<!-- Generated by org.testng.reporters.JUnitReportReporter -->
<testsuite hostname="SPBNB-PRC1500" name="ru.nc.pdtb6.addressbook.tests.ContactDeletionTests" tests="1" failures="0" timestamp="24 Aug 2019 23:04:19 GMT" time="5.091" errors="0">
  <testcase name="testContactDeletion" time="5.091" classname="ru.nc.pdtb6.addressbook.tests.ContactDeletionTests"/>
</testsuite> <!-- ru.nc.pdtb6.addressbook.tests.ContactDeletionTests -->
