<?xml version="1.0" encoding="UTF-8"?>
<!-- Generated by org.testng.reporters.JUnitReportReporter -->
<testsuite hostname="SPBNB-PRC1500" name="ru.nc.pdtb6.addressbook.CreateContact" tests="1" failures="0" timestamp="24 Aug 2019 18:30:42 GMT" time="7.222" errors="0">
  <testcase name="testCreateContact" time="7.222" classname="ru.nc.pdtb6.addressbook.CreateContact"/>
</testsuite> <!-- ru.nc.pdtb6.addressbook.CreateContact -->
