<?xml version="1.0" encoding="UTF-8"?>
<!-- Generated by org.testng.reporters.JUnitReportReporter -->
<testsuite hostname="SPBNB-PRC1500" name="ru.nc.pdtb6.addressbook.tests.ContactDeletionTests" tests="1" failures="0" timestamp="26 Aug 2019 19:59:57 GMT" time="8.180" errors="0">
  <testcase name="testContactDeletion" time="8.180" classname="ru.nc.pdtb6.addressbook.tests.ContactDeletionTests"/>
</testsuite> <!-- ru.nc.pdtb6.addressbook.tests.ContactDeletionTests -->
