<?xml version="1.0" encoding="UTF-8"?>
<!-- Generated by org.testng.reporters.JUnitReportReporter -->
<testsuite hostname="SPBNB-PRC1500" name="ru.nc.pdtb6.addressbook.tests.GroupModificationsTests" tests="1" failures="0" timestamp="25 Aug 2019 14:49:08 GMT" time="9.545" errors="0">
  <testcase name="testGroupModification" time="9.545" classname="ru.nc.pdtb6.addressbook.tests.GroupModificationsTests"/>
</testsuite> <!-- ru.nc.pdtb6.addressbook.tests.GroupModificationsTests -->
