<?xml version="1.0" encoding="UTF-8"?>
<!-- Generated by org.testng.reporters.JUnitReportReporter -->
<testsuite hostname="SPBNB-PRC1500" name="ru.nc.pdtb6.addressbook.GroupCreationTests" tests="1" failures="0" timestamp="22 Aug 2019 20:52:10 GMT" time="6.578" errors="0">
  <testcase name="testGroupCreation" time="6.578" classname="ru.nc.pdtb6.addressbook.GroupCreationTests"/>
</testsuite> <!-- ru.nc.pdtb6.addressbook.GroupCreationTests -->
