<?xml version="1.0" encoding="UTF-8"?>
<!-- Generated by org.testng.reporters.JUnitReportReporter -->
<testsuite hostname="SPBNB-PRC1500" name="ru.nc.pdtb6.addressbook.GroupDeletion" tests="1" failures="0" timestamp="24 Aug 2019 19:55:43 GMT" time="5.262" errors="0">
  <testcase name="testGroupDeletion" time="5.262" classname="ru.nc.pdtb6.addressbook.GroupDeletion"/>
</testsuite> <!-- ru.nc.pdtb6.addressbook.GroupDeletion -->
