<?xml version="1.0" encoding="UTF-8"?>
<!-- Generated by org.testng.reporters.JUnitReportReporter -->
<testsuite hostname="SPBNB-PRC1500" name="ru.nc.pdtb6.sandbox.EquationTests" tests="3" failures="0" timestamp="25 Aug 2019 12:39:27 GMT" time="0.015" errors="0">
  <testcase name="test0" time="0.014" classname="ru.nc.pdtb6.sandbox.EquationTests"/>
  <testcase name="test2" time="0.001" classname="ru.nc.pdtb6.sandbox.EquationTests"/>
  <testcase name="test1" time="0.000" classname="ru.nc.pdtb6.sandbox.EquationTests"/>
</testsuite> <!-- ru.nc.pdtb6.sandbox.EquationTests -->
