<?xml version="1.0" encoding="UTF-8"?>
<!-- Generated by org.testng.reporters.JUnitReportReporter -->
<testsuite hostname="SPBNB-PRC1500" name="ru.nc.pdtb6.sandbox.PointTest1" tests="1" failures="0" timestamp="21 Aug 2019 21:22:25 GMT" time="0.013" errors="0">
  <testcase name="testArea" time="0.013" classname="ru.nc.pdtb6.sandbox.PointTest1"/>
</testsuite> <!-- ru.nc.pdtb6.sandbox.PointTest1 -->
