<?xml version="1.0" encoding="UTF-8"?>
<testsuite name="ru.nc.pdtb6.addressbook.CreateContact" tests="1" skipped="0" failures="0" errors="0" timestamp="2019-08-24T18:30:38" hostname="SPBNB-PRC1500" time="2.227">
  <properties/>
  <testcase name="testCreateContact" classname="ru.nc.pdtb6.addressbook.CreateContact" time="2.227"/>
  <system-out><![CDATA[]]></system-out>
  <system-err><![CDATA[]]></system-err>
</testsuite>
