<?xml version="1.0" encoding="UTF-8"?>
<testsuite name="ru.nc.pdtb6.addressbook.GroupCreationTests" tests="1" skipped="0" failures="0" errors="0" timestamp="2019-08-22T20:52:07" hostname="SPBNB-PRC1500" time="1.638">
  <properties/>
  <testcase name="testGroupCreation" classname="ru.nc.pdtb6.addressbook.GroupCreationTests" time="1.638"/>
  <system-out><![CDATA[]]></system-out>
  <system-err><![CDATA[]]></system-err>
</testsuite>
