<?xml version="1.0" encoding="UTF-8"?>
<testsuite name="ru.nc.pdtb6.addressbook.tests.ContactDeletionTests" tests="1" skipped="0" failures="0" errors="0" timestamp="2019-08-24T23:04:17" hostname="SPBNB-PRC1500" time="0.426">
  <properties/>
  <testcase name="testContactDeletion" classname="ru.nc.pdtb6.addressbook.tests.ContactDeletionTests" time="0.426"/>
  <system-out><![CDATA[]]></system-out>
  <system-err><![CDATA[]]></system-err>
</testsuite>
